Crashlog created at 2014-04-16 11:39:28 +0200

===== MESSAGE:

RuntimeError: no acceptor (port is in use or requires root privileges)

===== COMPILATION STACK:

  (empty)

===== STACK TRACE:

  0. /Users/bastien/.rbenv/versions/2.1.1/lib/ruby/gems/2.1.0/gems/eventmachine-1.0.3/lib/eventmachine.rb:526:in `start_tcp_server'
  1. /Users/bastien/.rbenv/versions/2.1.1/lib/ruby/gems/2.1.0/gems/eventmachine-1.0.3/lib/eventmachine.rb:526:in `start_server'
  2. /Users/bastien/.rbenv/versions/2.1.1/lib/ruby/gems/2.1.0/gems/thin-1.6.1/lib/thin/backends/tcp_server.rb:16:in `connect'
  3. /Users/bastien/.rbenv/versions/2.1.1/lib/ruby/gems/2.1.0/gems/thin-1.6.1/lib/thin/backends/base.rb:63:in `block in start'
  4. /Users/bastien/.rbenv/versions/2.1.1/lib/ruby/gems/2.1.0/gems/eventmachine-1.0.3/lib/eventmachine.rb:187:in `call'
  5. /Users/bastien/.rbenv/versions/2.1.1/lib/ruby/gems/2.1.0/gems/eventmachine-1.0.3/lib/eventmachine.rb:187:in `run_machine'
  6. /Users/bastien/.rbenv/versions/2.1.1/lib/ruby/gems/2.1.0/gems/eventmachine-1.0.3/lib/eventmachine.rb:187:in `run'
  7. /Users/bastien/.rbenv/versions/2.1.1/lib/ruby/gems/2.1.0/gems/thin-1.6.1/lib/thin/backends/base.rb:73:in `start'
  8. /Users/bastien/.rbenv/versions/2.1.1/lib/ruby/gems/2.1.0/gems/thin-1.6.1/lib/thin/server.rb:162:in `start'
  9. /Users/bastien/.rbenv/versions/2.1.1/lib/ruby/gems/2.1.0/gems/rack-1.5.2/lib/rack/handler/thin.rb:16:in `run'
  10. /Users/bastien/.rbenv/versions/2.1.1/lib/ruby/gems/2.1.0/gems/nanoc-3.6.9/lib/nanoc/cli/commands/view.rb:57:in `run'
  11. /Users/bastien/.rbenv/versions/2.1.1/lib/ruby/gems/2.1.0/gems/nanoc-3.6.9/lib/nanoc/cli/command_runner.rb:14:in `block in call'
  12. /Users/bastien/.rbenv/versions/2.1.1/lib/ruby/gems/2.1.0/gems/nanoc-3.6.9/lib/nanoc/cli/error_handler.rb:70:in `handle_while'
  13. /Users/bastien/.rbenv/versions/2.1.1/lib/ruby/gems/2.1.0/gems/nanoc-3.6.9/lib/nanoc/cli/error_handler.rb:26:in `handle_while'
  14. /Users/bastien/.rbenv/versions/2.1.1/lib/ruby/gems/2.1.0/gems/nanoc-3.6.9/lib/nanoc/cli/command_runner.rb:13:in `call'
  15. /Users/bastien/.rbenv/versions/2.1.1/lib/ruby/gems/2.1.0/gems/cri-2.4.1/lib/cri/command_dsl.rb:185:in `block in runner'
  16. /Users/bastien/.rbenv/versions/2.1.1/lib/ruby/gems/2.1.0/gems/cri-2.4.1/lib/cri/command.rb:298:in `call'
  17. /Users/bastien/.rbenv/versions/2.1.1/lib/ruby/gems/2.1.0/gems/cri-2.4.1/lib/cri/command.rb:298:in `run_this'
  18. /Users/bastien/.rbenv/versions/2.1.1/lib/ruby/gems/2.1.0/gems/cri-2.4.1/lib/cri/command.rb:251:in `run'
  19. /Users/bastien/.rbenv/versions/2.1.1/lib/ruby/gems/2.1.0/gems/cri-2.4.1/lib/cri/command.rb:264:in `run'
  20. /Users/bastien/.rbenv/versions/2.1.1/lib/ruby/gems/2.1.0/gems/nanoc-3.6.9/lib/nanoc/cli.rb:59:in `block in run'
  21. /Users/bastien/.rbenv/versions/2.1.1/lib/ruby/gems/2.1.0/gems/nanoc-3.6.9/lib/nanoc/cli/error_handler.rb:70:in `handle_while'
  22. /Users/bastien/.rbenv/versions/2.1.1/lib/ruby/gems/2.1.0/gems/nanoc-3.6.9/lib/nanoc/cli/error_handler.rb:26:in `handle_while'
  23. /Users/bastien/.rbenv/versions/2.1.1/lib/ruby/gems/2.1.0/gems/nanoc-3.6.9/lib/nanoc/cli.rb:57:in `run'
  24. /Users/bastien/.rbenv/versions/2.1.1/lib/ruby/gems/2.1.0/gems/nanoc-3.6.9/bin/nanoc:19:in `<top (required)>'
  25. /Users/bastien/.rbenv/versions/2.1.1/bin/nanoc:23:in `load'

===== VERSION INFORMATION:

nanoc 3.6.9 © 2007-2013 Denis Defreyne.
Running ruby 2.1.1 (2014-02-24) on x86_64-darwin13.0 with RubyGems 2.2.2.

===== SYSTEM INFORMATION:

Darwin hydra 13.1.0 Darwin Kernel Version 13.1.0: Thu Jan 16 19:40:37 PST 2014; root:xnu-2422.90.20~2/RELEASE_X86_64 x86_64

===== INSTALLED GEMS:

  actionmailer 4.1.0.rc1, 4.1.0.rc2, 4.1.0
  actionpack 4.1.0.rc1, 4.1.0.rc2, 4.1.0
  actionview 4.1.0.rc1, 4.1.0.rc2, 4.1.0
  active_model_serializers 0.8.1
  activemodel 4.1.0.rc1, 4.1.0.rc2, 4.1.0
  activerecord 4.1.0.rc1, 4.1.0.rc2, 4.1.0
  activesupport 4.1.0.rc1, 4.1.0.rc2, 4.1.0
  addressable 2.3.6
  adsf 1.2.0
  arel 5.0.0
  ast 1.1.0
  atomic 1.1.16
  awesome_print 1.2.0
  bcrypt 3.1.7
  bigdecimal 1.2.4
  binding_of_caller 0.7.2
  blankslate 3.1.2
  bson 2.2.1
  bson_ext 1.5.1
  builder 3.2.2
  bundle 0.0.1
  bundler 1.6.0.rc2
  codeclimate-test-reporter 0.3.0
  coderay 1.1.0
  coffee-rails 4.0.1
  coffee-script 2.2.0
  coffee-script-source 1.7.0
  colored 1.2
  columnize 0.3.6
  connection_pool 1.2.0
  coolline 0.4.3
  coveralls 0.7.0
  cri 2.4.1
  daemons 1.1.9
  database_cleaner 1.2.0
  debug_inspector 0.0.2
  debugger 1.6.6
  debugger-linecache 1.2.0
  debugger-ruby_core_source 1.3.2
  devise 3.2.4
  diff-lcs 1.2.5
  diffy 3.0.3
  docile 1.1.3
  email_spec 1.5.0
  erubis 2.7.0
  ethon 0.7.0
  eventmachine 1.0.3
  execjs 2.0.2
  factory_girl 4.2.0
  factory_girl_rails 4.2.1
  faker 1.3.0
  ffi 1.9.3
  fssm 0.2.10
  grit 2.5.0
  hike 1.2.3
  hirb 0.7.1
  html-proofer 0.6.1
  i18n 0.6.9
  io-console 0.4.2
  jazz_hands 0.5.2
  jbuilder 2.0.6
  jquery-rails 3.1.0
  json 1.7.7, 1.8.1
  json_spec 1.1.1
  kramdown 0.13.8
  launchy 2.4.2
  mail 2.5.4
  mercenary 0.2.1
  method_source 0.8.2
  mime-types 1.25.1
  mini_portile 0.5.2
  minitest 4.7.5, 5.3.1, 5.3.2
  mongoid 4.0.0.beta1
  mongoid-rspec 1.10.0
  moped 2.0.0.beta6
  multi_json 1.9.2
  nanoc 3.4.3, 3.6.9
  nokogiri 1.6.1
  oj 2.6.0, 2.7.1
  optionable 0.2.0
  origin 2.1.0
  orm_adapter 0.5.0
  parser 2.1.7
  pg 0.17.1
  polyglot 0.3.4
  posix-spawn 0.3.8
  powerpack 0.0.9
  pry 0.9.12.6
  pry-debugger 0.2.2
  pry-doc 0.4.6
  pry-git 0.2.3
  pry-rails 0.3.2
  pry-remote 0.1.8
  pry-stack_explorer 0.4.9.1
  psych 2.0.3
  pygments.rb 0.2.3
  rack 1.5.2
  rack-cors 0.2.9
  rack-test 0.6.2
  rails 4.1.0.rc1, 4.1.0.rc2, 4.1.0
  railties 4.1.0.rc1, 4.1.0.rc2, 4.1.0
  rainbow 2.0.0
  rake 0.9.6, 10.1.0, 10.1.1, 10.2.2
  rdoc 4.1.0
  rest-client 1.6.7
  rspec 2.14.1
  rspec-core 2.14.8
  rspec-expectations 2.14.5
  rspec-mocks 2.14.6
  rspec-rails 2.14.0, 2.14.1, 2.14.2
  rubocop 0.19.1, 0.20.0
  ruby-progressbar 1.4.2
  ruby-smugmug 0.0.1
  rubypython 0.6.3
  sass 3.2.17
  sass-rails 4.0.2
  shoulda-matchers 2.5.0
  simplecov 0.8.2
  simplecov-html 0.8.0
  slop 3.5.0
  spring 1.1.2
  sprockets 2.11.0, 2.12.0
  sprockets-rails 2.0.1, 2.1.1
  term-ansicolor 1.3.0
  test-unit 2.1.1.0
  thin 1.6.1
  thor 0.18.1, 0.19.1
  thread_safe 0.3.1, 0.3.3
  tilt 1.4.1
  tins 1.0.1
  treetop 1.4.15
  typhoeus 0.6.8
  tzinfo 1.1.0
  uglifier 2.5.0
  versionist 1.3.0
  warden 1.2.3
  yajl-ruby 0.8.3
  yard 0.8.7.3

===== ENVIRONMENT:

Apple_PubSub_Socket_Render => "/tmp/launch-hDyHHL/Render"
COLORFGBG => "12;8"
DISPLAY => "/tmp/launch-UsqDsy/org.macosforge.xquartz:0"
EDITOR => "mvim"
GREP_COLOR => "1;32"
GREP_OPTIONS => "--color=auto"
HOME => "/Users/bastien"
ITERM_PROFILE => "Default"
ITERM_SESSION_ID => "w0t1p0"
LANG => "en_US.UTF-8"
LC_CTYPE => "en_US.UTF-8"
LESS => "-R"
LOGNAME => "bastien"
LSCOLORS => "Gxfxcxdxbxegedabagacad"
OLDPWD => "/usr/local/Cellar/rbenv-gem-rehash/1.0.0"
PAGER => "less"
PATH => "/Users/bastien/.rbenv/versions/2.1.1/bin:/usr/local/Cellar/rbenv/0.4.0/libexec:/usr/local/heroku/bin:/Users/bastien/.rbenv/shims:/usr/local/bin:/usr/bin:/bin:/usr/sbin:/sbin:/usr/local/bin:/usr/local/aws-eb/AWS-ElasticBeanstalk-CLI-2.6.0/eb/macosx/python2.7"
PWD => "/tmp/tutorial"
RBENV_DIR => "/tmp/tutorial"
RBENV_HOOK_PATH => ":/Users/bastien/.rbenv/rbenv.d:/usr/local/etc/rbenv.d:/etc/rbenv.d:/usr/lib/rbenv/hooks"
RBENV_ROOT => "/Users/bastien/.rbenv"
RBENV_VERSION => "2.1.1"
RUBYLIB => "/usr/local/Cellar/rbenv-gem-rehash/1.0.0:"
SECURITYSESSIONID => "186a5"
SHELL => "/bin/zsh"
SHLVL => "1"
SSH_AUTH_SOCK => "/tmp/launch-J6yBDv/Listeners"
TERM => "xterm-256color"
TERM_PROGRAM => "iTerm.app"
TMPDIR => "/var/folders/7b/5g6sw7kd5pj7w8h2xm0jqdpm0000gn/T/"
USER => "bastien"
__CF_USER_TEXT_ENCODING => "0x1F5:0:0"
__CHECKFIX1436934 => "1"

===== LOAD PATHS:

  0. /Users/bastien/.rbenv/versions/2.1.1/lib/ruby/gems/2.1.0/gems/nanoc-3.6.9/lib
  1. /usr/local/Cellar/rbenv-gem-rehash/1.0.0
  2. /Users/bastien/.rbenv/versions/2.1.1/lib/ruby/gems/2.1.0/gems/colored-1.2/lib
  3. /Users/bastien/.rbenv/versions/2.1.1/lib/ruby/gems/2.1.0/gems/cri-2.4.1/lib
  4. /Users/bastien/.rbenv/versions/2.1.1/lib/ruby/gems/2.1.0/gems/nanoc-3.6.9/lib
  5. /Users/bastien/.rbenv/versions/2.1.1/lib/ruby/gems/2.1.0/gems/bundler-1.6.0.rc2/lib
  6. /Users/bastien/.rbenv/versions/2.1.1/lib/ruby/gems/2.1.0/gems/rack-1.5.2/lib
  7. /Users/bastien/.rbenv/versions/2.1.1/lib/ruby/gems/2.1.0/gems/adsf-1.2.0/lib
  8. /Users/bastien/.rbenv/versions/2.1.1/lib/ruby/gems/2.1.0/extensions/x86_64-darwin-13/2.1.0-static/eventmachine-1.0.3
  9. /Users/bastien/.rbenv/versions/2.1.1/lib/ruby/gems/2.1.0/gems/eventmachine-1.0.3/lib
  10. /Users/bastien/.rbenv/versions/2.1.1/lib/ruby/gems/2.1.0/gems/daemons-1.1.9/lib
  11. /Users/bastien/.rbenv/versions/2.1.1/lib/ruby/gems/2.1.0/extensions/x86_64-darwin-13/2.1.0-static/thin-1.6.1
  12. /Users/bastien/.rbenv/versions/2.1.1/lib/ruby/gems/2.1.0/gems/thin-1.6.1/lib
  13. /Users/bastien/.rbenv/versions/2.1.1/lib/ruby/site_ruby/2.1.0
  14. /Users/bastien/.rbenv/versions/2.1.1/lib/ruby/site_ruby/2.1.0/x86_64-darwin13.0
  15. /Users/bastien/.rbenv/versions/2.1.1/lib/ruby/site_ruby
  16. /Users/bastien/.rbenv/versions/2.1.1/lib/ruby/vendor_ruby/2.1.0
  17. /Users/bastien/.rbenv/versions/2.1.1/lib/ruby/vendor_ruby/2.1.0/x86_64-darwin13.0
  18. /Users/bastien/.rbenv/versions/2.1.1/lib/ruby/vendor_ruby
  19. /Users/bastien/.rbenv/versions/2.1.1/lib/ruby/2.1.0
  20. /Users/bastien/.rbenv/versions/2.1.1/lib/ruby/2.1.0/x86_64-darwin13.0
